1695412161 : chrome 1566.828125 62009344
1695412162 : chrome 1566.828125 62021632
1695412163 : chrome 1566.828125 62029824
1695412164 : chrome 1566.875 62193664
1695412165 : chrome 1566.875 62537728
1695412166 : chrome 1566.875 62566400
1695412167 : chrome 1566.875 62574592
1695412168 : chrome 1566.875 62345216
1695412170 : chrome 1566.890625 62361600
1695412171 : chrome 1566.90625 62369792
1695412172 : chrome 1566.921875 61890560
1695412173 : chrome 1566.921875 61902848
1695412174 : chrome 1566.921875 61911040
1695412176 : chrome 1566.9375 61927424
1695412177 : chrome 1566.953125 61943808
1695412178 : chrome 1567.03125 62922752
1695412179 : chrome 1567.140625 63455232
1695412180 : chrome 1567.171875 62623744
1695412181 : chrome 1567.296875 62631936
1695412182 : chrome 1567.3125 62636032
1695412184 : chrome 1567.359375 62357504
1695412185 : chrome 1567.40625 62582784
1695412186 : chrome 1567.421875 62586880
1695412188 : chrome 1567.484375 62390272
1695412189 : chrome 1567.5 62603264
1695412190 : chrome 1567.5625 62611456
1695412191 : chrome 1567.65625 62681088
1695412192 : chrome 1567.734375 62480384
1695412193 : chrome 1567.875 62488576
1695412194 : chrome 1567.9375 62492672
1695412195 : chrome 1567.984375 62496768
1695412196 : chrome 1568.078125 62504960
1695412197 : chrome 1568.21875 62509056
1695412198 : chrome 1568.296875 62513152
1695412199 : chrome 1568.40625 62521344
1695412200 : chrome 1568.453125 62525440
1695412202 : chrome 1568.484375 62529536
1695412203 : chrome 1568.640625 62545920
1695412204 : chrome 1568.78125 62550016
1695412205 : chrome 1568.875 62554112
1695412206 : chrome 1568.9375 62562304
1695412207 : chrome 1569 62566400
1695412208 : chrome 1569.09375 62570496
1695412210 : chrome 1569.3125 62582784
1695412211 : chrome 1569.359375 62590976
1695412212 : chrome 1569.5 62595072
1695412213 : chrome 1569.546875 62607360
1695412214 : chrome 1569.5625 62611456
1695412215 : chrome 1569.59375 62615552
1695412217 : chrome 1569.59375 62615552
1695412218 : chrome 1569.59375 62619648
1695412219 : chrome 1569.609375 62627840
1695412220 : chrome 1569.609375 62627840
1695412221 : chrome 1569.625 62697472
1695412222 : chrome 1569.625 62701568
1695412223 : chrome 1569.640625 62701568
1695412225 : chrome 1569.65625 62705664
1695412226 : chrome 1569.671875 62713856
1695412227 : chrome 1569.671875 62713856
1695412228 : chrome 1569.6875 62717952
1695412229 : chrome 1569.71875 62717952
1695412230 : chrome 1569.734375 62722048
